# packages in environment at /home/peter/miniconda3/envs/repeatmodeler:
#
# Name                    Version                   Build  Channel
_libgcc_mutex             0.1                 conda_forge    conda-forge
_openmp_mutex             4.5                       1_gnu    conda-forge
brotlipy                  0.7.0           py38h497a2fe_1001    conda-forge
bzip2                     1.0.8                h7f98852_4    conda-forge
c-ares                    1.17.1               h7f98852_1    conda-forge
ca-certificates           2021.5.30            ha878542_0    conda-forge
cached-property           1.5.2                hd8ed1ab_1    conda-forge
cached_property           1.5.2              pyha770c72_1    conda-forge
cairo                     1.16.0            h6cf1ce9_1008    conda-forge
cd-hit                    4.8.1                h2e03b76_5    bioconda
certifi                   2021.5.30        py38h578d9bd_0    conda-forge
cffi                      1.14.5           py38ha65f79e_0    conda-forge
chardet                   4.0.0            py38h578d9bd_1    conda-forge
conda                     4.10.1           py38h578d9bd_0    conda-forge
conda-package-handling    1.7.3            py38h497a2fe_0    conda-forge
cryptography              3.4.7            py38ha5dfef3_0    conda-forge
curl                      7.76.1               h979ede3_1    conda-forge
cython                    0.29.24          py38h709712a_0    conda-forge
entrez-direct             13.9            pl5262he881be0_2    bioconda
expat                     2.3.0                h9c3ff4c_0    conda-forge
fastx_toolkit             0.0.14                        0    bioconda
fontconfig                2.13.1            hba837de_1005    conda-forge
freetype                  2.10.4               h0708190_1    conda-forge
fribidi                   1.0.10               h516909a_0    conda-forge
genometools-genometools   1.6.1            py38h23571c4_2    bioconda
gettext                   0.21.0               hf68c758_0  
gmp                       6.1.2             hf484d3e_1000    conda-forge
gnutls                    3.5.19               h2a4e5f8_1    conda-forge
graphite2                 1.3.14               h23475e2_0  
h5py                      3.2.1           nompi_py38h9915d05_100    conda-forge
harfbuzz                  2.8.1                h83ec7ef_0    conda-forge
hdf5                      1.10.6          nompi_h6a2412b_1114    conda-forge
hmmer                     3.3.2                h1b792b2_1    bioconda
icu                       68.1                 h58526e2_0    conda-forge
idna                      2.10               pyh9f0ad1d_0    conda-forge
krb5                      1.17.2               h926e7f8_0    conda-forge
ld_impl_linux-64          2.35.1               hea4e1c9_2    conda-forge
libarchive                3.5.1                h3f442fb_1    conda-forge
libblas                   3.9.0                9_openblas    conda-forge
libcblas                  3.9.0                9_openblas    conda-forge
libcurl                   7.76.1               hc4aaa36_1    conda-forge
libedit                   3.1.20191231         he28a2e2_2    conda-forge
libev                     4.33                 h516909a_1    conda-forge
libffi                    3.3                  h58526e2_2    conda-forge
libgcc-ng                 9.3.0               h2828fa1_19    conda-forge
libgfortran-ng            9.3.0               hff62375_19    conda-forge
libgfortran5              9.3.0               hff62375_19    conda-forge
libglib                   2.68.1               h3e27bee_0    conda-forge
libgomp                   9.3.0               h2828fa1_19    conda-forge
libgtextutils             0.7                  h1b792b2_7    bioconda
libiconv                  1.16                 h516909a_0    conda-forge
liblapack                 3.9.0                9_openblas    conda-forge
libnghttp2                1.43.0               h812cca2_0    conda-forge
libopenblas               0.3.15          pthreads_h8fe5266_0    conda-forge
libpng                    1.6.37               hed695b0_2    conda-forge
libsolv                   0.7.18               h780b84a_0    conda-forge
libssh2                   1.9.0                ha56f1ee_6    conda-forge
libstdcxx-ng              9.3.0               h6de172a_19    conda-forge
libuuid                   2.32.1            h14c3975_1000    conda-forge
libxcb                    1.14                 h7b6447c_0  
libxml2                   2.9.10               h72842e0_4    conda-forge
ltr_retriever             2.9.0                hdfd78af_1    bioconda
lz4-c                     1.9.3                h9c3ff4c_0    conda-forge
lzo                       2.10              h516909a_1000    conda-forge
mafft                     7.475                h779adbc_1    bioconda
mamba                     0.12.2           py38h2aa5da1_0    conda-forge
ncurses                   6.2                  h58526e2_4    conda-forge
nettle                    3.3                           0    conda-forge
ninja                     1.10.2               h4bd325d_0    conda-forge
nose                      1.3.7                   py_1006    conda-forge
nseg                      1.0.1                h779adbc_1    bioconda
numpy                     1.20.2           py38h9894fe3_0    conda-forge
openssl                   1.1.1k               h7f98852_0    conda-forge
pango                     1.42.4               h80147aa_5    conda-forge
pcre                      8.44                 he1b5a44_0    conda-forge
perl                      5.26.2            h36c2ea0_1008    conda-forge
perl-app-cpanminus        1.7044                  pl526_1    bioconda
perl-archive-tar          2.32                    pl526_0    bioconda
perl-base                 2.23                    pl526_1    bioconda
perl-business-isbn        3.004                   pl526_0    bioconda
perl-business-isbn-data   20140910.003            pl526_0    bioconda
perl-carp                 1.38                    pl526_3    bioconda
perl-common-sense         3.74                    pl526_2    bioconda
perl-compress-raw-bzip2   2.087           pl526he1b5a44_0    bioconda
perl-compress-raw-zlib    2.087           pl526hc9558a2_0    bioconda
perl-constant             1.33                    pl526_1    bioconda
perl-data-dumper          2.173                   pl526_0    bioconda
perl-digest-hmac          1.03                    pl526_3    bioconda
perl-digest-md5           2.55                    pl526_0    bioconda
perl-encode               2.88                    pl526_1    bioconda
perl-encode-locale        1.05                    pl526_6    bioconda
perl-exporter             5.72                    pl526_1    bioconda
perl-exporter-tiny        1.002001                pl526_0    bioconda
perl-extutils-makemaker   7.36                    pl526_1    bioconda
perl-file-listing         6.04                    pl526_1    bioconda
perl-file-path            2.16                    pl526_0    bioconda
perl-file-temp            0.2304                  pl526_2    bioconda
perl-file-which           1.23                    pl526_0    bioconda
perl-html-parser          3.72            pl526h6bb024c_5    bioconda
perl-html-tagset          3.20                    pl526_3    bioconda
perl-html-tree            5.07                    pl526_1    bioconda
perl-http-cookies         6.04                    pl526_0    bioconda
perl-http-daemon          6.01                    pl526_1    bioconda
perl-http-date            6.02                    pl526_3    bioconda
perl-http-message         6.18                    pl526_0    bioconda
perl-http-negotiate       6.01                    pl526_3    bioconda
perl-io-compress          2.087           pl526he1b5a44_0    bioconda
perl-io-html              1.001                   pl526_2    bioconda
perl-io-socket-ssl        2.066                   pl526_0    bioconda
perl-io-zlib              1.10                    pl526_2    bioconda
perl-json                 4.02                    pl526_0    bioconda
perl-json-xs              2.34            pl526h6bb024c_3    bioconda
perl-libwww-perl          6.39                    pl526_0    bioconda
perl-list-moreutils       0.428                   pl526_1    bioconda
perl-list-moreutils-xs    0.428                   pl526_0    bioconda
perl-lwp-mediatypes       6.04                    pl526_0    bioconda
perl-lwp-protocol-https   6.07                    pl526_4    bioconda
perl-mime-base64          3.15                    pl526_1    bioconda
perl-mozilla-ca           20180117                pl526_1    bioconda
perl-net-http             6.19                    pl526_0    bioconda
perl-net-ssleay           1.88            pl526h90d6eec_0    bioconda
perl-ntlm                 1.09                    pl526_4    bioconda
perl-parent               0.236                   pl526_1    bioconda
perl-pathtools            3.75            pl526h14c3975_1    bioconda
perl-scalar-list-utils    1.52            pl526h516909a_0    bioconda
perl-socket               2.027                   pl526_1    bioconda
perl-storable             3.15            pl526h14c3975_0    bioconda
perl-test-requiresinternet 0.05                    pl526_0    bioconda
perl-text-soundex         3.05                 pl526_1000    conda-forge
perl-time-local           1.28                    pl526_1    bioconda
perl-try-tiny             0.30                    pl526_1    bioconda
perl-types-serialiser     1.0                     pl526_2    bioconda
perl-uri                  1.76                    pl526_0    bioconda
perl-www-robotrules       6.02                    pl526_3    bioconda
perl-xml-namespacesupport 1.12                    pl526_0    bioconda
perl-xml-parser           2.44_01         pl526ha1d75be_1002    conda-forge
perl-xml-sax              1.02                    pl526_0    bioconda
perl-xml-sax-base         1.09                    pl526_0    bioconda
perl-xml-sax-expat        0.51                    pl526_3    bioconda
perl-xml-simple           2.25                    pl526_1    bioconda
perl-xsloader             0.24                    pl526_0    bioconda
pip                       21.1.1             pyhd8ed1ab_0    conda-forge
pixman                    0.40.0               h36c2ea0_0    conda-forge
pycosat                   0.6.3           py38h497a2fe_1006    conda-forge
pycparser                 2.20               pyh9f0ad1d_2    conda-forge
pyopenssl                 20.0.1             pyhd8ed1ab_0    conda-forge
pysocks                   1.7.1            py38h578d9bd_3    conda-forge
python                    3.8.10          h49503c6_1_cpython    conda-forge
python_abi                3.8                      1_cp38    conda-forge
readline                  8.1                  h46c0cb4_0    conda-forge
recon                     1.08                 h779adbc_3    bioconda
repeatmasker              4.1.2.p1        pl5262hdfd78af_0    bioconda
repeatmodeler             2.0.1                   pl526_0    bioconda
repeatscout               1.0.6                h779adbc_2    bioconda
reproc                    14.2.1               h36c2ea0_0    conda-forge
reproc-cpp                14.2.1               h58526e2_0    conda-forge
requests                  2.25.1             pyhd3deb0d_0    conda-forge
rmblast                   2.10.0               h2d02072_0    bioconda
ruamel_yaml               0.15.80         py38h497a2fe_1004    conda-forge
setuptools                49.6.0           py38h578d9bd_3    conda-forge
six                       1.16.0             pyh6c4a22f_0    conda-forge
sqlite                    3.35.5               h74cdb3f_0    conda-forge
tk                        8.6.10               h21135ba_1    conda-forge
tqdm                      4.60.0             pyhd8ed1ab_0    conda-forge
trf                       4.09.1               h779adbc_1    bioconda
urllib3                   1.26.4             pyhd8ed1ab_0    conda-forge
wheel                     0.36.2             pyhd3deb0d_0    conda-forge
xorg-kbproto              1.0.7             h14c3975_1002    conda-forge
xorg-libice               1.0.10               h516909a_0    conda-forge
xorg-libsm                1.2.3             hd9c2040_1000    conda-forge
xorg-libx11               1.7.0                h36c2ea0_0    conda-forge
xorg-libxext              1.3.4                h7f98852_1    conda-forge
xorg-libxrender           0.9.10            h7f98852_1003    conda-forge
xorg-renderproto          0.11.1            h14c3975_1002    conda-forge
xorg-xextproto            7.3.0             h14c3975_1002    conda-forge
xorg-xproto               7.0.31            h14c3975_1007    conda-forge
xz                        5.2.5                h516909a_1    conda-forge
yaml                      0.2.5                h516909a_0    conda-forge
zlib                      1.2.11            h516909a_1010    conda-forge
zstd                      1.4.9                ha95c52a_0    conda-forge
